{"total": {"lines":{"total":4548,"covered":2122,"skipped":0,"pct":46.65},"statements":{"total":4811,"covered":2180,"skipped":0,"pct":45.31},"functions":{"total":461,"covered":206,"skipped":0,"pct":44.68},"branches":{"total":2762,"covered":903,"skipped":0,"pct":32.69},"branchesTrue":{"total":0,"covered":0,"skipped":0,"pct":100}}
,"/Users/thewindstorm/windy-pro/account-server/src/config.ts": {"lines":{"total":17,"covered":10,"skipped":0,"pct":58.82},"functions":{"total":2,"covered":2,"skipped":0,"pct":100},"statements":{"total":18,"covered":10,"skipped":0,"pct":55.55},"branches":{"total":50,"covered":42,"skipped":0,"pct":84}}
,"/Users/thewindstorm/windy-pro/account-server/src/db-maintenance.ts": {"lines":{"total":72,"covered":23,"skipped":0,"pct":31.94},"functions":{"total":8,"covered":2,"skipped":0,"pct":25},"statements":{"total":75,"covered":23,"skipped":0,"pct":30.66},"branches":{"total":29,"covered":9,"skipped":0,"pct":31.03}}
,"/Users/thewindstorm/windy-pro/account-server/src/identity-service.ts": {"lines":{"total":196,"covered":48,"skipped":0,"pct":24.48},"functions":{"total":24,"covered":8,"skipped":0,"pct":33.33},"statements":{"total":219,"covered":49,"skipped":0,"pct":22.37},"branches":{"total":110,"covered":7,"skipped":0,"pct":6.36}}
,"/Users/thewindstorm/windy-pro/account-server/src/jwks.ts": {"lines":{"total":150,"covered":102,"skipped":0,"pct":68},"functions":{"total":23,"covered":19,"skipped":0,"pct":82.6},"statements":{"total":160,"covered":108,"skipped":0,"pct":67.5},"branches":{"total":46,"covered":22,"skipped":0,"pct":47.82}}
,"/Users/thewindstorm/windy-pro/account-server/src/redis.ts": {"lines":{"total":133,"covered":25,"skipped":0,"pct":18.79},"functions":{"total":20,"covered":2,"skipped":0,"pct":10},"statements":{"total":140,"covered":25,"skipped":0,"pct":17.85},"branches":{"total":76,"covered":1,"skipped":0,"pct":1.31}}
,"/Users/thewindstorm/windy-pro/account-server/src/server.ts": {"lines":{"total":225,"covered":91,"skipped":0,"pct":40.44},"functions":{"total":23,"covered":3,"skipped":0,"pct":13.04},"statements":{"total":228,"covered":92,"skipped":0,"pct":40.35},"branches":{"total":54,"covered":4,"skipped":0,"pct":7.4}}
,"/Users/thewindstorm/windy-pro/account-server/src/db/schema.ts": {"lines":{"total":35,"covered":23,"skipped":0,"pct":65.71},"functions":{"total":4,"covered":2,"skipped":0,"pct":50},"statements":{"total":36,"covered":24,"skipped":0,"pct":66.66},"branches":{"total":14,"covered":5,"skipped":0,"pct":35.71}}
,"/Users/thewindstorm/windy-pro/account-server/src/db/sqlite-adapter.ts": {"lines":{"total":23,"covered":16,"skipped":0,"pct":69.56},"functions":{"total":13,"covered":8,"skipped":0,"pct":61.53},"statements":{"total":23,"covered":16,"skipped":0,"pct":69.56},"branches":{"total":0,"covered":0,"skipped":0,"pct":100}}
,"/Users/thewindstorm/windy-pro/account-server/src/db/statements.ts": {"lines":{"total":4,"covered":4,"skipped":0,"pct":100},"functions":{"total":1,"covered":1,"skipped":0,"pct":100},"statements":{"total":4,"covered":4,"skipped":0,"pct":100},"branches":{"total":0,"covered":0,"skipped":0,"pct":100}}
,"/Users/thewindstorm/windy-pro/account-server/src/middleware/auth.ts": {"lines":{"total":117,"covered":55,"skipped":0,"pct":47},"functions":{"total":11,"covered":5,"skipped":0,"pct":45.45},"statements":{"total":128,"covered":56,"skipped":0,"pct":43.75},"branches":{"total":85,"covered":27,"skipped":0,"pct":31.76}}
,"/Users/thewindstorm/windy-pro/account-server/src/middleware/file-validation.ts": {"lines":{"total":54,"covered":32,"skipped":0,"pct":59.25},"functions":{"total":4,"covered":3,"skipped":0,"pct":75},"statements":{"total":65,"covered":34,"skipped":0,"pct":52.3},"branches":{"total":41,"covered":12,"skipped":0,"pct":29.26}}
,"/Users/thewindstorm/windy-pro/account-server/src/middleware/validation.ts": {"lines":{"total":12,"covered":11,"skipped":0,"pct":91.66},"functions":{"total":3,"covered":3,"skipped":0,"pct":100},"statements":{"total":12,"covered":11,"skipped":0,"pct":91.66},"branches":{"total":10,"covered":6,"skipped":0,"pct":60}}
,"/Users/thewindstorm/windy-pro/account-server/src/routes/admin-console.ts": {"lines":{"total":237,"covered":14,"skipped":0,"pct":5.9},"functions":{"total":30,"covered":0,"skipped":0,"pct":0},"statements":{"total":279,"covered":14,"skipped":0,"pct":5.01},"branches":{"total":198,"covered":0,"skipped":0,"pct":0}}
,"/Users/thewindstorm/windy-pro/account-server/src/routes/admin.ts": {"lines":{"total":184,"covered":19,"skipped":0,"pct":10.32},"functions":{"total":15,"covered":0,"skipped":0,"pct":0},"statements":{"total":208,"covered":19,"skipped":0,"pct":9.13},"branches":{"total":56,"covered":0,"skipped":0,"pct":0}}
,"/Users/thewindstorm/windy-pro/account-server/src/routes/auth.ts": {"lines":{"total":493,"covered":354,"skipped":0,"pct":71.8},"functions":{"total":36,"covered":27,"skipped":0,"pct":75},"statements":{"total":511,"covered":361,"skipped":0,"pct":70.64},"branches":{"total":214,"covered":134,"skipped":0,"pct":62.61}}
,"/Users/thewindstorm/windy-pro/account-server/src/routes/billing.ts": {"lines":{"total":178,"covered":136,"skipped":0,"pct":76.4},"functions":{"total":9,"covered":7,"skipped":0,"pct":77.77},"statements":{"total":181,"covered":139,"skipped":0,"pct":76.79},"branches":{"total":169,"covered":97,"skipped":0,"pct":57.39}}
,"/Users/thewindstorm/windy-pro/account-server/src/routes/clone.ts": {"lines":{"total":53,"covered":25,"skipped":0,"pct":47.16},"functions":{"total":7,"covered":3,"skipped":0,"pct":42.85},"statements":{"total":55,"covered":26,"skipped":0,"pct":47.27},"branches":{"total":16,"covered":1,"skipped":0,"pct":6.25}}
,"/Users/thewindstorm/windy-pro/account-server/src/routes/cloud.ts": {"lines":{"total":10,"covered":10,"skipped":0,"pct":100},"functions":{"total":3,"covered":3,"skipped":0,"pct":100},"statements":{"total":10,"covered":10,"skipped":0,"pct":100},"branches":{"total":0,"covered":0,"skipped":0,"pct":100}}
,"/Users/thewindstorm/windy-pro/account-server/src/routes/device-approval.ts": {"lines":{"total":52,"covered":49,"skipped":0,"pct":94.23},"functions":{"total":5,"covered":5,"skipped":0,"pct":100},"statements":{"total":52,"covered":49,"skipped":0,"pct":94.23},"branches":{"total":44,"covered":41,"skipped":0,"pct":93.18}}
,"/Users/thewindstorm/windy-pro/account-server/src/routes/downloads.ts": {"lines":{"total":59,"covered":12,"skipped":0,"pct":20.33},"functions":{"total":7,"covered":0,"skipped":0,"pct":0},"statements":{"total":63,"covered":12,"skipped":0,"pct":19.04},"branches":{"total":14,"covered":0,"skipped":0,"pct":0}}
,"/Users/thewindstorm/windy-pro/account-server/src/routes/fly.ts": {"lines":{"total":17,"covered":5,"skipped":0,"pct":29.41},"functions":{"total":1,"covered":0,"skipped":0,"pct":0},"statements":{"total":17,"covered":5,"skipped":0,"pct":29.41},"branches":{"total":6,"covered":0,"skipped":0,"pct":0}}
,"/Users/thewindstorm/windy-pro/account-server/src/routes/identity.ts": {"lines":{"total":555,"covered":224,"skipped":0,"pct":40.36},"functions":{"total":45,"covered":19,"skipped":0,"pct":42.22},"statements":{"total":576,"covered":228,"skipped":0,"pct":39.58},"branches":{"total":390,"covered":111,"skipped":0,"pct":28.46}}
,"/Users/thewindstorm/windy-pro/account-server/src/routes/misc.ts": {"lines":{"total":110,"covered":61,"skipped":0,"pct":55.45},"functions":{"total":14,"covered":9,"skipped":0,"pct":64.28},"statements":{"total":119,"covered":64,"skipped":0,"pct":53.78},"branches":{"total":47,"covered":8,"skipped":0,"pct":17.02}}
,"/Users/thewindstorm/windy-pro/account-server/src/routes/oauth.ts": {"lines":{"total":360,"covered":301,"skipped":0,"pct":83.61},"functions":{"total":31,"covered":30,"skipped":0,"pct":96.77},"statements":{"total":374,"covered":312,"skipped":0,"pct":83.42},"branches":{"total":257,"covered":198,"skipped":0,"pct":77.04}}
,"/Users/thewindstorm/windy-pro/account-server/src/routes/recordings.ts": {"lines":{"total":314,"covered":90,"skipped":0,"pct":28.66},"functions":{"total":26,"covered":7,"skipped":0,"pct":26.92},"statements":{"total":326,"covered":90,"skipped":0,"pct":27.6},"branches":{"total":303,"covered":36,"skipped":0,"pct":11.88}}
,"/Users/thewindstorm/windy-pro/account-server/src/routes/storage.ts": {"lines":{"total":115,"covered":94,"skipped":0,"pct":81.73},"functions":{"total":8,"covered":7,"skipped":0,"pct":87.5},"statements":{"total":121,"covered":97,"skipped":0,"pct":80.16},"branches":{"total":63,"covered":42,"skipped":0,"pct":66.66}}
,"/Users/thewindstorm/windy-pro/account-server/src/routes/transcription.ts": {"lines":{"total":103,"covered":11,"skipped":0,"pct":10.67},"functions":{"total":10,"covered":0,"skipped":0,"pct":0},"statements":{"total":106,"covered":11,"skipped":0,"pct":10.37},"branches":{"total":105,"covered":0,"skipped":0,"pct":0}}
,"/Users/thewindstorm/windy-pro/account-server/src/routes/translations.ts": {"lines":{"total":95,"covered":18,"skipped":0,"pct":18.94},"functions":{"total":7,"covered":0,"skipped":0,"pct":0},"statements":{"total":100,"covered":18,"skipped":0,"pct":18},"branches":{"total":50,"covered":0,"skipped":0,"pct":0}}
,"/Users/thewindstorm/windy-pro/account-server/src/routes/verification.ts": {"lines":{"total":126,"covered":16,"skipped":0,"pct":12.69},"functions":{"total":10,"covered":0,"skipped":0,"pct":0},"statements":{"total":126,"covered":16,"skipped":0,"pct":12.69},"branches":{"total":69,"covered":0,"skipped":0,"pct":0}}
,"/Users/thewindstorm/windy-pro/account-server/src/services/analytics.ts": {"lines":{"total":9,"covered":9,"skipped":0,"pct":100},"functions":{"total":1,"covered":1,"skipped":0,"pct":100},"statements":{"total":10,"covered":9,"skipped":0,"pct":90},"branches":{"total":6,"covered":4,"skipped":0,"pct":66.66}}
,"/Users/thewindstorm/windy-pro/account-server/src/services/ecosystem-provisioner.ts": {"lines":{"total":138,"covered":75,"skipped":0,"pct":54.34},"functions":{"total":10,"covered":5,"skipped":0,"pct":50},"statements":{"total":143,"covered":78,"skipped":0,"pct":54.54},"branches":{"total":54,"covered":20,"skipped":0,"pct":37.03}}
,"/Users/thewindstorm/windy-pro/account-server/src/services/error-reporter.ts": {"lines":{"total":43,"covered":6,"skipped":0,"pct":13.95},"functions":{"total":8,"covered":1,"skipped":0,"pct":12.5},"statements":{"total":46,"covered":6,"skipped":0,"pct":13.04},"branches":{"total":27,"covered":1,"skipped":0,"pct":3.7}}
,"/Users/thewindstorm/windy-pro/account-server/src/services/mailer.ts": {"lines":{"total":25,"covered":15,"skipped":0,"pct":60},"functions":{"total":4,"covered":4,"skipped":0,"pct":100},"statements":{"total":25,"covered":15,"skipped":0,"pct":60},"branches":{"total":18,"covered":8,"skipped":0,"pct":44.44}}
,"/Users/thewindstorm/windy-pro/account-server/src/services/mfa.ts": {"lines":{"total":58,"covered":54,"skipped":0,"pct":93.1},"functions":{"total":11,"covered":11,"skipped":0,"pct":100},"statements":{"total":65,"covered":61,"skipped":0,"pct":93.84},"branches":{"total":19,"covered":14,"skipped":0,"pct":73.68}}
,"/Users/thewindstorm/windy-pro/account-server/src/services/r2-adapter.ts": {"lines":{"total":74,"covered":6,"skipped":0,"pct":8.1},"functions":{"total":15,"covered":1,"skipped":0,"pct":6.66},"statements":{"total":77,"covered":6,"skipped":0,"pct":7.79},"branches":{"total":45,"covered":1,"skipped":0,"pct":2.22}}
,"/Users/thewindstorm/windy-pro/account-server/src/services/webhook-bus.ts": {"lines":{"total":102,"covered":78,"skipped":0,"pct":76.47},"functions":{"total":12,"covered":8,"skipped":0,"pct":66.66},"statements":{"total":113,"covered":82,"skipped":0,"pct":72.56},"branches":{"total":77,"covered":52,"skipped":0,"pct":67.53}}
}
